0 verbose cli /usr/local/bin/node /usr/local/bin/npm
1 info using npm@8.18.0
2 info using node@v18.8.0
3 timing npm:load:whichnode Completed in 1ms
4 timing config:load:defaults Completed in 1ms
5 timing config:load:file:/usr/local/lib/node_modules/npm/npmrc Completed in 1ms
6 timing config:load:builtin Completed in 1ms
7 timing config:load:cli Completed in 2ms
8 timing config:load:env Completed in 0ms
9 timing config:load:project Completed in 3ms
10 timing config:load:file:/home/node/.npmrc Completed in 0ms
11 timing config:load:user Completed in 0ms
12 timing config:load:file:/usr/local/etc/npmrc Completed in 0ms
13 timing config:load:global Completed in 0ms
14 timing config:load:validate Completed in 0ms
15 timing config:load:credentials Completed in 14ms
16 timing config:load:setEnvs Completed in 2ms
17 timing config:load Completed in 24ms
18 timing npm:load:configload Completed in 24ms
19 timing npm:load:mkdirpcache Completed in 7ms
20 timing npm:load:mkdirplogs Completed in 1ms
21 verbose title npm run test
22 verbose argv "run" "test"
23 timing npm:load:setTitle Completed in 1ms
24 timing config:load:flatten Completed in 4ms
25 timing npm:load:display Completed in 6ms
26 verbose logfile logs-max:10 dir:/home/node/.npm/_logs
27 verbose logfile /home/node/.npm/_logs/2022-08-26T14_49_37_588Z-debug-0.log
28 timing npm:load:logFile Completed in 5ms
29 timing npm:load:timers Completed in 0ms
30 timing npm:load:configScope Completed in 0ms
31 timing npm:load Completed in 47ms
32 silly logfile done cleaning log files
33 http fetch GET 200 https://registry.npmjs.org/npm 622ms (cache miss)
34 timing command:run Completed in 44202ms
35 verbose stack Error: command failed
35 verbose stack     at ChildProcess.<anonymous> (/usr/local/lib/node_modules/npm/node_modules/@npmcli/promise-spawn/lib/index.js:63:27)
35 verbose stack     at ChildProcess.emit (node:events:513:28)
35 verbose stack     at maybeClose (node:internal/child_process:1091:16)
35 verbose stack     at ChildProcess._handle.onexit (node:internal/child_process:302:5)
36 verbose pkgid frontenddocker@0.1.0
37 verbose cwd /home/node
38 verbose Linux 5.15.0-46-generic
39 verbose node v18.8.0
40 verbose npm  v8.18.0
41 error path /home/node
42 error command failed
43 error signal SIGTERM
44 error command sh -c -- react-scripts test
45 verbose exit 1
46 timing npm Completed in 44294ms
47 verbose code 1
48 error A complete log of this run can be found in:
48 error     /home/node/.npm/_logs/2022-08-26T14_49_37_588Z-debug-0.log
