0 verbose cli /usr/local/bin/node /usr/local/bin/npm
1 info using npm@8.18.0
2 info using node@v18.8.0
3 timing npm:load:whichnode Completed in 0ms
4 timing config:load:defaults Completed in 2ms
5 timing config:load:file:/usr/local/lib/node_modules/npm/npmrc Completed in 1ms
6 timing config:load:builtin Completed in 1ms
7 timing config:load:cli Completed in 1ms
8 timing config:load:env Completed in 1ms
9 timing config:load:project Completed in 1ms
10 timing config:load:file:/home/node/.npmrc Completed in 2ms
11 timing config:load:user Completed in 2ms
12 timing config:load:file:/usr/local/etc/npmrc Completed in 0ms
13 timing config:load:global Completed in 1ms
14 timing config:load:validate Completed in 0ms
15 timing config:load:credentials Completed in 14ms
16 timing config:load:setEnvs Completed in 2ms
17 timing config:load Completed in 25ms
18 timing npm:load:configload Completed in 25ms
19 timing npm:load:mkdirpcache Completed in 3ms
20 timing npm:load:mkdirplogs Completed in 1ms
21 verbose title npm start
22 verbose argv "start"
23 timing npm:load:setTitle Completed in 2ms
24 timing config:load:flatten Completed in 5ms
25 timing npm:load:display Completed in 6ms
26 verbose logfile logs-max:10 dir:/home/node/.npm/_logs
27 verbose logfile /home/node/.npm/_logs/2022-08-26T14_49_37_587Z-debug-0.log
28 timing npm:load:logFile Completed in 6ms
29 timing npm:load:timers Completed in 0ms
30 timing npm:load:configScope Completed in 0ms
31 timing npm:load Completed in 44ms
32 silly logfile done cleaning log files
33 http fetch GET 200 https://registry.npmjs.org/npm 444ms (cache miss)
34 http fetch GET 200 https://registry.npmjs.org/npm 472ms (cache miss)
35 timing command:run-script Completed in 44219ms
36 timing command:start Completed in 44232ms
37 verbose stack Error: command failed
37 verbose stack     at ChildProcess.<anonymous> (/usr/local/lib/node_modules/npm/node_modules/@npmcli/promise-spawn/lib/index.js:63:27)
37 verbose stack     at ChildProcess.emit (node:events:513:28)
37 verbose stack     at maybeClose (node:internal/child_process:1091:16)
37 verbose stack     at ChildProcess._handle.onexit (node:internal/child_process:302:5)
38 verbose pkgid frontenddocker@0.1.0
39 verbose cwd /home/node
40 verbose Linux 5.15.0-46-generic
41 verbose node v18.8.0
42 verbose npm  v8.18.0
43 error path /home/node
44 error command failed
45 error signal SIGTERM
46 error command sh -c -- react-scripts start
47 verbose exit 1
48 timing npm Completed in 44309ms
49 verbose code 1
50 error A complete log of this run can be found in:
50 error     /home/node/.npm/_logs/2022-08-26T14_49_37_587Z-debug-0.log
